#
# There is insufficient memory for the Java Runtime Environment to continue.
# Native memory allocation (malloc) failed to allocate 272816 bytes. Error detail: Chunk::new
# Possible reasons:
#   The system is out of physical RAM or swap space
#   This process is running with CompressedOops enabled, and the Java Heap may be blocking the growth of the native heap
# Possible solutions:
#   Reduce memory load on the system
#   Increase physical memory or swap space
#   Check if swap backing store is full
#   Decrease Java heap size (-Xmx/-Xms)
#   Decrease number of Java threads
#   Decrease Java thread stack sizes (-Xss)
#   Set larger code cache with -XX:ReservedCodeCacheSize=
#   JVM is running with Unscaled Compressed Oops mode in which the Java heap is
#     placed in the first 4GB address space. The Java Heap base address is the
#     maximum limit for the native heap growth. Please use -XX:HeapBaseMinAddress
#     to set the Java Heap base and to place the Java Heap above 4GB virtual address.
# This output file may be truncated or incomplete.
#
#  Out of Memory Error (arena.cpp:168), pid=12776, tid=13756
#
# JRE version: OpenJDK Runtime Environment Temurin-21.0.5+11 (21.0.5+11) (build 21.0.5+11-LTS)
# Java VM: OpenJDK 64-Bit Server VM Temurin-21.0.5+11 (21.0.5+11-LTS, mixed mode, sharing, tiered, compressed oops, compressed class ptrs, parallel gc, windows-amd64)
# No core dump will be written. Minidumps are not enabled by default on client versions of Windows
#

---------------  S U M M A R Y ------------

Command Line: --add-modules=ALL-SYSTEM --add-opens=java.base/java.util=ALL-UNNAMED --add-opens=java.base/java.lang=ALL-UNNAMED --add-opens=java.base/sun.nio.fs=ALL-UNNAMED -Declipse.application=org.eclipse.jdt.ls.core.id1 -Dosgi.bundles.defaultStartLevel=4 -Declipse.product=org.eclipse.jdt.ls.core.product -Djava.import.generatesMetadataFilesAtProjectRoot=false -DDetectVMInstallationsJob.disabled=true -Dfile.encoding=utf8 -XX:+UseParallelGC -XX:GCTimeRatio=4 -XX:AdaptiveSizePolicyWeight=90 -Dsun.zip.disableMemoryMapping=true -Xmx1G -Xms100m -Xlog:disable -javaagent:c:\Users\seetakanta\.vscode\extensions\redhat.java-1.39.0-win32-x64\lombok\lombok-1.18.34.jar -XX:+HeapDumpOnOutOfMemoryError -XX:HeapDumpPath=c:\Users\seetakanta\AppData\Roaming\Code\User\workspaceStorage\c8afafd841f3a5159c670a0c689a5f17\redhat.java -Daether.dependencyCollector.impl=bf c:\Users\seetakanta\.vscode\extensions\redhat.java-1.39.0-win32-x64\server\plugins\org.eclipse.equinox.launcher_1.6.900.v20240613-2009.jar -configuration c:\Users\seetakanta\AppData\Roaming\Code\User\globalStorage\redhat.java\1.39.0\config_win -data c:\Users\seetakanta\AppData\Roaming\Code\User\workspaceStorage\c8afafd841f3a5159c670a0c689a5f17\redhat.java\jdt_ws --pipe=\\.\pipe\lsp-cb1a51cca8616520eb76aecec87aa500-sock

Host: Intel(R) Core(TM) i5-10210U CPU @ 1.60GHz, 8 cores, 7G,  Windows 11 , 64 bit Build 22621 (10.0.22621.4391)
Time: Sun Feb 16 16:02:14 2025 India Standard Time elapsed time: 3.179873 seconds (0d 0h 0m 3s)

---------------  T H R E A D  ---------------

Current thread (0x0000018ff91df680):  JavaThread "C2 CompilerThread0" daemon [_thread_in_native, id=13756, stack(0x00000036b0700000,0x00000036b0800000) (1024K)]


Current CompileTask:
C2:3179 1743       4       java.io.WinNTFileSystem::normalize (143 bytes)

Stack: [0x00000036b0700000,0x00000036b0800000]
Native frames: (J=compiled Java code, j=interpreted, Vv=VM code, C=native code)
V  [jvm.dll+0x6cd4e9]
V  [jvm.dll+0x8a7941]
V  [jvm.dll+0x8a9e6e]
V  [jvm.dll+0x8aa543]
V  [jvm.dll+0x27f6d6]
V  [jvm.dll+0xc500d]
V  [jvm.dll+0xc5543]
V  [jvm.dll+0x2f2a9d]
V  [jvm.dll+0x5f67ea]
V  [jvm.dll+0x250b82]
V  [jvm.dll+0x24906e]
V  [jvm.dll+0x246ea4]
V  [jvm.dll+0x1c75ce]
V  [jvm.dll+0x25682a]
V  [jvm.dll+0x254dca]
V  [jvm.dll+0x3f00d6]
V  [jvm.dll+0x8514fb]
V  [jvm.dll+0x6cbbed]
C  [ucrtbase.dll+0x29333]
C  [KERNEL32.DLL+0x1259d]
C  [ntdll.dll+0x5af38]


---------------  P R O C E S S  ---------------

Threads class SMR info:
_java_thread_list=0x0000018fff5cb530, length=13, elements={
0x0000018fa3b55290, 0x0000018ff91c8400, 0x0000018fa3c0e870, 0x0000018ff91cad70,
0x0000018ff91ccd30, 0x0000018ff91cf730, 0x0000018ff91cfdc0, 0x0000018ff91df680,
0x0000018ff91e01c0, 0x0000018ff91d0450, 0x0000018ff91d0ae0, 0x0000018fff66ff40,
0x0000018ff91d1170
}

Java Threads: ( => current thread )
  0x0000018fa3b55290 JavaThread "main"                              [_thread_in_Java, id=19236, stack(0x00000036afc00000,0x00000036afd00000) (1024K)]
  0x0000018ff91c8400 JavaThread "Reference Handler"          daemon [_thread_blocked, id=17160, stack(0x00000036b0100000,0x00000036b0200000) (1024K)]
  0x0000018fa3c0e870 JavaThread "Finalizer"                  daemon [_thread_blocked, id=22172, stack(0x00000036b0200000,0x00000036b0300000) (1024K)]
  0x0000018ff91cad70 JavaThread "Signal Dispatcher"          daemon [_thread_blocked, id=21376, stack(0x00000036b0300000,0x00000036b0400000) (1024K)]
  0x0000018ff91ccd30 JavaThread "Attach Listener"            daemon [_thread_blocked, id=7468, stack(0x00000036b0400000,0x00000036b0500000) (1024K)]
  0x0000018ff91cf730 JavaThread "Service Thread"             daemon [_thread_blocked, id=22144, stack(0x00000036b0500000,0x00000036b0600000) (1024K)]
  0x0000018ff91cfdc0 JavaThread "Monitor Deflation Thread"   daemon [_thread_blocked, id=10032, stack(0x00000036b0600000,0x00000036b0700000) (1024K)]
=>0x0000018ff91df680 JavaThread "C2 CompilerThread0"         daemon [_thread_in_native, id=13756, stack(0x00000036b0700000,0x00000036b0800000) (1024K)]
  0x0000018ff91e01c0 JavaThread "C1 CompilerThread0"         daemon [_thread_in_native, id=20192, stack(0x00000036b0800000,0x00000036b0900000) (1024K)]
  0x0000018ff91d0450 JavaThread "Common-Cleaner"             daemon [_thread_blocked, id=5616, stack(0x00000036b0900000,0x00000036b0a00000) (1024K)]
  0x0000018ff91d0ae0 JavaThread "Notification Thread"        daemon [_thread_blocked, id=3300, stack(0x00000036b0b00000,0x00000036b0c00000) (1024K)]
  0x0000018fff66ff40 JavaThread "C2 CompilerThread1"         daemon [_thread_in_native, id=21552, stack(0x00000036b1100000,0x00000036b1200000) (1024K)]
  0x0000018ff91d1170 JavaThread "Active Thread: Equinox Container: a6263e79-0592-4f92-80bb-b7f9647f3f28"        [_thread_blocked, id=1244, stack(0x00000036b1200000,0x00000036b1300000) (1024K)]
Total: 13

Other Threads:
  0x0000018ff91c2a60 VMThread "VM Thread"                           [id=6984, stack(0x00000036aff00000,0x00000036b0000000) (1024K)]
  0x0000018ff90dca00 WatcherThread "VM Periodic Task Thread"        [id=19332, stack(0x00000036afe00000,0x00000036aff00000) (1024K)]
  0x0000018fa3b74970 WorkerThread "GC Thread#0"                     [id=9740, stack(0x00000036afd00000,0x00000036afe00000) (1024K)]
  0x0000018fff484510 WorkerThread "GC Thread#1"                     [id=452, stack(0x00000036b0a00000,0x00000036b0b00000) (1024K)]
  0x0000018fff485390 WorkerThread "GC Thread#2"                     [id=18128, stack(0x00000036b0c00000,0x00000036b0d00000) (1024K)]
  0x0000018fff485730 WorkerThread "GC Thread#3"                     [id=472, stack(0x00000036b0d00000,0x00000036b0e00000) (1024K)]
  0x0000018fff485ad0 WorkerThread "GC Thread#4"                     [id=20492, stack(0x00000036b0e00000,0x00000036b0f00000) (1024K)]
  0x0000018fff484170 WorkerThread "GC Thread#5"                     [id=9400, stack(0x00000036b0f00000,0x00000036b1000000) (1024K)]
  0x0000018fff484ff0 WorkerThread "GC Thread#6"                     [id=18768, stack(0x00000036b1000000,0x00000036b1100000) (1024K)]
Total: 9

Threads with active compile tasks:
C2 CompilerThread0  3209 1743       4       java.io.WinNTFileSystem::normalize (143 bytes)
C1 CompilerThread0  3209 1761       3       java.io.WinNTFileSystem::resolve (326 bytes)
C2 CompilerThread1  3209 1735 %     4       java.io.WinNTFileSystem::normalize @ 58 (224 bytes)
Total: 3

VM state: not at safepoint (normal execution)

VM Mutex/Monitor currently owned by a thread: None

Heap address: 0x00000000c0000000, size: 1024 MB, Compressed Oops mode: 32-bit

CDS archive(s) mapped at: [0x0000018fb8000000-0x0000018fb8ba0000-0x0000018fb8ba0000), size 12189696, SharedBaseAddress: 0x0000018fb8000000, ArchiveRelocationMode: 1.
Compressed class space mapped at: 0x0000018fb9000000-0x0000018ff9000000, reserved size: 1073741824
Narrow klass base: 0x0000018fb8000000, Narrow klass shift: 0, Narrow klass range: 0x100000000

GC Precious Log:
 CardTable entry size: 512
 CPUs: 8 total, 8 available
 Memory: 7979M
 Large Page Support: Disabled
 NUMA Support: Disabled
 Compressed Oops: Enabled (32-bit)
 Alignments: Space 512K, Generation 512K, Heap 2M
 Heap Min Capacity: 100M
 Heap Initial Capacity: 100M
 Heap Max Capacity: 1G
 Pre-touch: Disabled
 Parallel Workers: 8

Heap:
 PSYoungGen      total 29696K, used 26713K [0x00000000eab00000, 0x00000000ecc00000, 0x0000000100000000)
  eden space 25600K, 91% used [0x00000000eab00000,0x00000000ec1eaa60,0x00000000ec400000)
  from space 4096K, 79% used [0x00000000ec400000,0x00000000ec72bb00,0x00000000ec800000)
  to   space 4096K, 0% used [0x00000000ec800000,0x00000000ec800000,0x00000000ecc00000)
 ParOldGen       total 68608K, used 16K [0x00000000c0000000, 0x00000000c4300000, 0x00000000eab00000)
  object space 68608K, 0% used [0x00000000c0000000,0x00000000c0004000,0x00000000c4300000)
 Metaspace       used 7685K, committed 8000K, reserved 1114112K
  class space    used 739K, committed 896K, reserved 1048576K

Card table byte_map: [0x0000018fa34f0000,0x0000018fa3700000] _byte_map_base: 0x0000018fa2ef0000

Marking Bits: (ParMarkBitMap*) 0x00007ffa98922250
 Begin Bits: [0x0000018fb5ea0000, 0x0000018fb6ea0000)
 End Bits:   [0x0000018fb6ea0000, 0x0000018fb7ea0000)

Polling page: 0x0000018fa1aa0000

Metaspace:

Usage:
  Non-class:      6.78 MB used.
      Class:    739.83 KB used.
       Both:      7.51 MB used.

Virtual space:
  Non-class space:       64.00 MB reserved,       6.94 MB ( 11%) committed,  1 nodes.
      Class space:        1.00 GB reserved,     896.00 KB ( <1%) committed,  1 nodes.
             Both:        1.06 GB reserved,       7.81 MB ( <1%) committed. 

Chunk freelists:
   Non-Class:  8.91 MB
       Class:  14.98 MB
        Both:  23.89 MB

MaxMetaspaceSize: unlimited
CompressedClassSpaceSize: 1.00 GB
Initial GC threshold: 21.00 MB
Current GC threshold: 21.00 MB
CDS: on
 - commit_granule_bytes: 65536.
 - commit_granule_words: 8192.
 - virtual_space_node_default_size: 8388608.
 - enlarge_chunks_in_place: 1.
 - use_allocation_guard: 0.


Internal statistics:

num_allocs_failed_limit: 0.
num_arena_births: 174.
num_arena_deaths: 0.
num_vsnodes_births: 2.
num_vsnodes_deaths: 0.
num_space_committed: 125.
num_space_uncommitted: 0.
num_chunks_returned_to_freelist: 0.
num_chunks_taken_from_freelist: 334.
num_chunk_merges: 0.
num_chunk_splits: 235.
num_chunks_enlarged: 171.
num_inconsistent_stats: 0.

CodeHeap 'non-profiled nmethods': size=120000Kb used=733Kb max_used=733Kb free=119266Kb
 bounds [0x0000018fae970000, 0x0000018faebe0000, 0x0000018fb5ea0000]
CodeHeap 'profiled nmethods': size=120000Kb used=3195Kb max_used=3195Kb free=116805Kb
 bounds [0x0000018fa6ea0000, 0x0000018fa71c0000, 0x0000018fae3d0000]
CodeHeap 'non-nmethods': size=5760Kb used=1234Kb max_used=1241Kb free=4525Kb
 bounds [0x0000018fae3d0000, 0x0000018fae640000, 0x0000018fae970000]
 total_blobs=2233 nmethods=1753 adapters=385
 compilation: enabled
              stopped_count=0, restarted_count=0
 full_count=0

Compilation events (20 events):
Event: 3.160 Thread 0x0000018ff91e01c0 1740       3       java.lang.String::getChars (55 bytes)
Event: 3.161 Thread 0x0000018ff91e01c0 nmethod 1740 0x0000018fa71b0510 code [0x0000018fa71b0740, 0x0000018fa71b0e48]
Event: 3.161 Thread 0x0000018ff91e01c0 1741       3       java.lang.StringLatin1::getChars (12 bytes)
Event: 3.161 Thread 0x0000018ff91e01c0 nmethod 1741 0x0000018fa71b1190 code [0x0000018fa71b1340, 0x0000018fa71b1468]
Event: 3.164 Thread 0x0000018ff91e01c0 1742       3       org.eclipse.osgi.framework.util.SecureAction::getProperty (31 bytes)
Event: 3.165 Thread 0x0000018ff91e01c0 nmethod 1742 0x0000018fa71b1510 code [0x0000018fa71b1700, 0x0000018fa71b1b58]
Event: 3.165 Thread 0x0000018ff91df680 nmethod 1739 0x0000018faea27090 code [0x0000018faea27220, 0x0000018faea273c0]
Event: 3.165 Thread 0x0000018ff91df680 1743       4       java.io.WinNTFileSystem::normalize (143 bytes)
Event: 3.166 Thread 0x0000018ff91e01c0 1745       3       java.lang.ThreadLocal::getMap (5 bytes)
Event: 3.166 Thread 0x0000018ff91e01c0 nmethod 1745 0x0000018fa71b1d10 code [0x0000018fa71b1ea0, 0x0000018fa71b1fb8]
Event: 3.167 Thread 0x0000018ff91e01c0 1746       3       org.eclipse.osgi.internal.framework.EquinoxConfiguration$ConfigValues::internalGet (24 bytes)
Event: 3.168 Thread 0x0000018ff91e01c0 nmethod 1746 0x0000018fa71b2090 code [0x0000018fa71b22a0, 0x0000018fa71b2898]
Event: 3.174 Thread 0x0000018ff91e01c0 1747       3       java.lang.ThreadLocal::get (35 bytes)
Event: 3.175 Thread 0x0000018ff91e01c0 nmethod 1747 0x0000018fa71b2a90 code [0x0000018fa71b2c60, 0x0000018fa71b2f68]
Event: 3.175 Thread 0x0000018ff91e01c0 1748       3       java.io.File::isAbsolute (8 bytes)
Event: 3.175 Thread 0x0000018ff91e01c0 nmethod 1748 0x0000018fa71b3110 code [0x0000018fa71b32c0, 0x0000018fa71b3410]
Event: 3.175 Thread 0x0000018ff91e01c0 1749       3       java.io.WinNTFileSystem::isAbsolute (36 bytes)
Event: 3.176 Thread 0x0000018ff91e01c0 nmethod 1749 0x0000018fa71b3490 code [0x0000018fa71b36a0, 0x0000018fa71b3d30]
Event: 3.176 Thread 0x0000018ff91e01c0 1750       3       java.lang.Integer::valueOf (32 bytes)
Event: 3.177 Thread 0x0000018ff91e01c0 nmethod 1750 0x0000018fa71b4010 code [0x0000018fa71b41e0, 0x0000018fa71b44e8]

GC Heap History (2 events):
Event: 1.624 GC heap before
{Heap before GC invocations=1 (full 0):
 PSYoungGen      total 29696K, used 25600K [0x00000000eab00000, 0x00000000ecc00000, 0x0000000100000000)
  eden space 25600K, 100% used [0x00000000eab00000,0x00000000ec400000,0x00000000ec400000)
  from space 4096K, 0% used [0x00000000ec800000,0x00000000ec800000,0x00000000ecc00000)
  to   space 4096K, 0% used [0x00000000ec400000,0x00000000ec400000,0x00000000ec800000)
 ParOldGen       total 68608K, used 0K [0x00000000c0000000, 0x00000000c4300000, 0x00000000eab00000)
  object space 68608K, 0% used [0x00000000c0000000,0x00000000c0000000,0x00000000c4300000)
 Metaspace       used 4333K, committed 4544K, reserved 1114112K
  class space    used 434K, committed 512K, reserved 1048576K
}
Event: 1.634 GC heap after
{Heap after GC invocations=1 (full 0):
 PSYoungGen      total 29696K, used 3246K [0x00000000eab00000, 0x00000000ecc00000, 0x0000000100000000)
  eden space 25600K, 0% used [0x00000000eab00000,0x00000000eab00000,0x00000000ec400000)
  from space 4096K, 79% used [0x00000000ec400000,0x00000000ec72bb00,0x00000000ec800000)
  to   space 4096K, 0% used [0x00000000ec800000,0x00000000ec800000,0x00000000ecc00000)
 ParOldGen       total 68608K, used 16K [0x00000000c0000000, 0x00000000c4300000, 0x00000000eab00000)
  object space 68608K, 0% used [0x00000000c0000000,0x00000000c0004000,0x00000000c4300000)
 Metaspace       used 4333K, committed 4544K, reserved 1114112K
  class space    used 434K, committed 512K, reserved 1048576K
}

Dll operation events (8 events):
Event: 0.027 Loaded shared library c:\Users\seetakanta\.vscode\extensions\redhat.java-1.39.0-win32-x64\jre\21.0.5-win32-x86_64\bin\java.dll
Event: 0.181 Loaded shared library c:\Users\seetakanta\.vscode\extensions\redhat.java-1.39.0-win32-x64\jre\21.0.5-win32-x86_64\bin\zip.dll
Event: 0.225 Loaded shared library C:\Users\seetakanta\.vscode\extensions\redhat.java-1.39.0-win32-x64\jre\21.0.5-win32-x86_64\bin\instrument.dll
Event: 0.233 Loaded shared library C:\Users\seetakanta\.vscode\extensions\redhat.java-1.39.0-win32-x64\jre\21.0.5-win32-x86_64\bin\net.dll
Event: 0.240 Loaded shared library C:\Users\seetakanta\.vscode\extensions\redhat.java-1.39.0-win32-x64\jre\21.0.5-win32-x86_64\bin\nio.dll
Event: 0.247 Loaded shared library C:\Users\seetakanta\.vscode\extensions\redhat.java-1.39.0-win32-x64\jre\21.0.5-win32-x86_64\bin\zip.dll
Event: 0.294 Loaded shared library C:\Users\seetakanta\.vscode\extensions\redhat.java-1.39.0-win32-x64\jre\21.0.5-win32-x86_64\bin\jimage.dll
Event: 0.443 Loaded shared library c:\Users\seetakanta\.vscode\extensions\redhat.java-1.39.0-win32-x64\jre\21.0.5-win32-x86_64\bin\verify.dll

Deoptimization events (20 events):
Event: 2.555 Thread 0x0000018fa3b55290 Uncommon trap: trap_request=0xffffffc6 fr.pc=0x0000018fae9abc04 relative=0x00000000000002c4
Event: 2.555 Thread 0x0000018fa3b55290 Uncommon trap: reason=bimorphic_or_optimized_type_check action=maybe_recompile pc=0x0000018fae9abc04 method=java.util.Collections$UnmodifiableCollection$1.next()Ljava/lang/Object; @ 4 c2
Event: 2.555 Thread 0x0000018fa3b55290 DEOPT PACKING pc=0x0000018fae9abc04 sp=0x00000036afcf85b0
Event: 2.555 Thread 0x0000018fa3b55290 DEOPT UNPACKING pc=0x0000018fae423aa2 sp=0x00000036afcf8560 mode 2
Event: 2.555 Thread 0x0000018fa3b55290 Uncommon trap: trap_request=0xffffffc6 fr.pc=0x0000018fae9abc04 relative=0x00000000000002c4
Event: 2.555 Thread 0x0000018fa3b55290 Uncommon trap: reason=bimorphic_or_optimized_type_check action=maybe_recompile pc=0x0000018fae9abc04 method=java.util.Collections$UnmodifiableCollection$1.next()Ljava/lang/Object; @ 4 c2
Event: 2.555 Thread 0x0000018fa3b55290 DEOPT PACKING pc=0x0000018fae9abc04 sp=0x00000036afcf85b0
Event: 2.555 Thread 0x0000018fa3b55290 DEOPT UNPACKING pc=0x0000018fae423aa2 sp=0x00000036afcf8560 mode 2
Event: 2.788 Thread 0x0000018fa3b55290 Uncommon trap: trap_request=0xffffff45 fr.pc=0x0000018fae9e75d0 relative=0x00000000000000b0
Event: 2.789 Thread 0x0000018fa3b55290 Uncommon trap: reason=unstable_if action=reinterpret pc=0x0000018fae9e75d0 method=java.util.concurrent.locks.ReentrantLock$NonfairSync.initialTryLock()Z @ 10 c2
Event: 2.789 Thread 0x0000018fa3b55290 DEOPT PACKING pc=0x0000018fae9e75d0 sp=0x00000036afcfea40
Event: 2.789 Thread 0x0000018fa3b55290 DEOPT UNPACKING pc=0x0000018fae423aa2 sp=0x00000036afcfe9d0 mode 2
Event: 2.791 Thread 0x0000018fa3b55290 Uncommon trap: trap_request=0xffffff45 fr.pc=0x0000018fae9e7234 relative=0x0000000000000094
Event: 2.791 Thread 0x0000018fa3b55290 Uncommon trap: reason=unstable_if action=reinterpret pc=0x0000018fae9e7234 method=java.util.concurrent.locks.ReentrantLock$Sync.tryRelease(I)Z @ 26 c2
Event: 2.791 Thread 0x0000018fa3b55290 DEOPT PACKING pc=0x0000018fae9e7234 sp=0x00000036afcfeb10
Event: 2.791 Thread 0x0000018fa3b55290 DEOPT UNPACKING pc=0x0000018fae423aa2 sp=0x00000036afcfea90 mode 2
Event: 3.023 Thread 0x0000018fa3b55290 DEOPT PACKING pc=0x0000018fa6fa238b sp=0x00000036afcfcd20
Event: 3.023 Thread 0x0000018fa3b55290 DEOPT UNPACKING pc=0x0000018fae424242 sp=0x00000036afcfc198 mode 0
Event: 3.057 Thread 0x0000018fa3b55290 DEOPT PACKING pc=0x0000018fa6f9e006 sp=0x00000036afcfc6c0
Event: 3.057 Thread 0x0000018fa3b55290 DEOPT UNPACKING pc=0x0000018fae424242 sp=0x00000036afcfbb40 mode 0

Classes loaded (20 events):
Event: 3.025 Loading class sun/security/x509/RFC822Name
Event: 3.025 Loading class sun/security/x509/RFC822Name done
Event: 3.104 Loading class java/util/LinkedList$Node
Event: 3.105 Loading class java/util/LinkedList$Node done
Event: 3.105 Loading class java/util/LinkedList$ListItr
Event: 3.105 Loading class java/util/LinkedList$ListItr done
Event: 3.109 Loading class java/lang/Thread$Builder$OfPlatform
Event: 3.109 Loading class java/lang/Thread$Builder
Event: 3.109 Loading class java/lang/Thread$Builder done
Event: 3.109 Loading class java/lang/Thread$Builder$OfPlatform done
Event: 3.109 Loading class java/lang/Thread$Builder$OfVirtual
Event: 3.109 Loading class java/lang/Thread$Builder$OfVirtual done
Event: 3.131 Loading class sun/nio/fs/WindowsChannelFactory
Event: 3.132 Loading class sun/nio/fs/WindowsChannelFactory done
Event: 3.132 Loading class sun/nio/fs/WindowsChannelFactory$1
Event: 3.132 Loading class sun/nio/fs/WindowsChannelFactory$1 done
Event: 3.132 Loading class sun/nio/fs/WindowsChannelFactory$Flags
Event: 3.132 Loading class sun/nio/fs/WindowsChannelFactory$Flags done
Event: 3.132 Loading class sun/nio/ch/FileChannelImpl$Closer
Event: 3.132 Loading class sun/nio/ch/FileChannelImpl$Closer done

Classes unloaded (0 events):
No events

Classes redefined (0 events):
No events

Internal exceptions (20 events):
Event: 1.473 Thread 0x0000018fa3b55290 Exception <a 'java/lang/ClassNotFoundException'{0x00000000ec280cb0}: sun/net/www/protocol/c/Handler> (0x00000000ec280cb0) 
thrown [s\src\hotspot\share\classfile\systemDictionary.cpp, line 312]
Event: 1.492 Thread 0x0000018fa3b55290 Exception <a 'java/io/FileNotFoundException'{0x00000000ec2a7dc0}> (0x00000000ec2a7dc0) 
thrown [s\src\hotspot\share\prims\jni.cpp, line 520]
Event: 1.595 Thread 0x0000018fa3b55290 Implicit null exception at 0x0000018fae9bd0c9 to 0x0000018fae9bda8c
Event: 1.595 Thread 0x0000018fa3b55290 Implicit null exception at 0x0000018fae9c8c40 to 0x0000018fae9c8f0c
Event: 1.595 Thread 0x0000018fa3b55290 Implicit null exception at 0x0000018fae9c1440 to 0x0000018fae9c1714
Event: 1.595 Thread 0x0000018fa3b55290 Implicit null exception at 0x0000018fae9d0ec0 to 0x0000018fae9d0f45
Event: 1.718 Thread 0x0000018fa3b55290 Exception <a 'java/lang/NoSuchMethodError'{0x00000000ead420f8}: 'long java.lang.invoke.DirectMethodHandle$Holder.invokeStatic(java.lang.Object, java.lang.Object, int)'> (0x00000000ead420f8) 
thrown [s\src\hotspot\share\interpreter\linkResolver.cpp, line 773]
Event: 1.726 Thread 0x0000018fa3b55290 Exception <a 'java/lang/NoSuchMethodError'{0x00000000ead49eb0}: 'java.lang.Object java.lang.invoke.DirectMethodHandle$Holder.invokeSpecial(java.lang.Object, java.lang.Object, java.lang.Object, java.lang.Object, long)'> (0x00000000ead49eb0) 
thrown [s\src\hotspot\share\interpreter\linkResolver.cpp, line 773]
Event: 1.732 Thread 0x0000018fa3b55290 Exception <a 'java/lang/NoSuchMethodError'{0x00000000ead57b30}: 'java.lang.Object java.lang.invoke.DirectMethodHandle$Holder.invokeSpecial(java.lang.Object, java.lang.Object, java.lang.Object, int, java.lang.Object)'> (0x00000000ead57b30) 
thrown [s\src\hotspot\share\interpreter\linkResolver.cpp, line 773]
Event: 1.744 Thread 0x0000018fa3b55290 Exception <a 'java/lang/NoSuchMethodError'{0x00000000ead71568}: 'java.lang.Object java.lang.invoke.Invokers$Holder.invokeExact_MT(java.lang.Object, java.lang.Object, java.lang.Object, java.lang.Object, java.lang.Object, java.lang.Object)'> (0x00000000ead71568) 
thrown [s\src\hotspot\share\interpreter\linkResolver.cpp, line 773]
Event: 1.758 Thread 0x0000018fa3b55290 Exception <a 'java/lang/NoSuchMethodError'{0x00000000ead8ad18}: 'int java.lang.invoke.DirectMethodHandle$Holder.invokeStaticInit(java.lang.Object, java.lang.Object, java.lang.Object, java.lang.Object)'> (0x00000000ead8ad18) 
thrown [s\src\hotspot\share\interpreter\linkResolver.cpp, line 773]
Event: 1.761 Thread 0x0000018fa3b55290 Exception <a 'java/lang/NoSuchMethodError'{0x00000000ead93768}: 'java.lang.Object java.lang.invoke.DirectMethodHandle$Holder.invokeInterface(java.lang.Object, java.lang.Object)'> (0x00000000ead93768) 
thrown [s\src\hotspot\share\interpreter\linkResolver.cpp, line 773]
Event: 1.762 Thread 0x0000018fa3b55290 Exception <a 'java/lang/IncompatibleClassChangeError'{0x00000000ead96ca0}: Found class java.lang.Object, but interface was expected> (0x00000000ead96ca0) 
thrown [s\src\hotspot\share\interpreter\linkResolver.cpp, line 840]
Event: 1.764 Thread 0x0000018fa3b55290 Exception <a 'java/lang/NoSuchMethodError'{0x00000000ead9ae58}: 'void java.lang.invoke.DirectMethodHandle$Holder.invokeStatic(java.lang.Object, java.lang.Object)'> (0x00000000ead9ae58) 
thrown [s\src\hotspot\share\interpreter\linkResolver.cpp, line 773]
Event: 1.765 Thread 0x0000018fa3b55290 Exception <a 'java/lang/NoSuchMethodError'{0x00000000ead9e200}: 'void java.lang.invoke.DirectMethodHandle$Holder.invokeStaticInit(java.lang.Object, java.lang.Object)'> (0x00000000ead9e200) 
thrown [s\src\hotspot\share\interpreter\linkResolver.cpp, line 773]
Event: 1.768 Thread 0x0000018fa3b55290 Exception <a 'java/lang/NoSuchMethodError'{0x00000000eada5190}: 'int java.lang.invoke.DirectMethodHandle$Holder.invokeStaticInit(java.lang.Object, java.lang.Object)'> (0x00000000eada5190) 
thrown [s\src\hotspot\share\interpreter\linkResolver.cpp, line 773]
Event: 1.928 Thread 0x0000018fa3b55290 Exception <a 'java/lang/NoSuchMethodError'{0x00000000eaf03c30}: 'void java.lang.invoke.DirectMethodHandle$Holder.invokeSpecial(java.lang.Object, java.lang.Object, java.lang.Object)'> (0x00000000eaf03c30) 
thrown [s\src\hotspot\share\interpreter\linkResolver.cpp, line 773]
Event: 2.740 Thread 0x0000018fa3b55290 Exception <a 'java/lang/NoSuchMethodError'{0x00000000eb8dcba0}: 'int java.lang.invoke.DirectMethodHandle$Holder.invokeVirtual(java.lang.Object, java.lang.Object)'> (0x00000000eb8dcba0) 
thrown [s\src\hotspot\share\interpreter\linkResolver.cpp, line 773]
Event: 2.912 Thread 0x0000018fa3b55290 Exception <a 'java/lang/NoSuchMethodError'{0x00000000ebca99b0}: 'java.lang.Object java.lang.invoke.DirectMethodHandle$Holder.newInvokeSpecial(java.lang.Object, int, java.lang.Object)'> (0x00000000ebca99b0) 
thrown [s\src\hotspot\share\interpreter\linkResolver.cpp, line 773]
Event: 2.916 Thread 0x0000018fa3b55290 Exception <a 'java/lang/NoSuchMethodError'{0x00000000ebcc6420}: 'java.lang.Object java.lang.invoke.DirectMethodHandle$Holder.newInvokeSpecial(java.lang.Object, java.lang.Object, java.lang.Object, java.lang.Object, int, java.lang.Object)'> (0x00000000ebcc6420) 
thrown [s\src\hotspot\share\interpreter\linkResolver.cpp, line 773]

ZGC Phase Switch (0 events):
No events

VM Operations (20 events):
Event: 0.320 Executing VM operation: HandshakeAllThreads (Deoptimize)
Event: 0.320 Executing VM operation: HandshakeAllThreads (Deoptimize) done
Event: 0.903 Executing VM operation: HandshakeAllThreads (Deoptimize)
Event: 0.903 Executing VM operation: HandshakeAllThreads (Deoptimize) done
Event: 0.940 Executing VM operation: HandshakeAllThreads (Deoptimize)
Event: 0.940 Executing VM operation: HandshakeAllThreads (Deoptimize) done
Event: 1.355 Executing VM operation: ICBufferFull
Event: 1.355 Executing VM operation: ICBufferFull done
Event: 1.407 Executing VM operation: HandshakeAllThreads (Deoptimize)
Event: 1.407 Executing VM operation: HandshakeAllThreads (Deoptimize) done
Event: 1.624 Executing VM operation: ParallelGCFailedAllocation (Allocation Failure)
Event: 1.634 Executing VM operation: ParallelGCFailedAllocation (Allocation Failure) done
Event: 2.639 Executing VM operation: Cleanup
Event: 2.639 Executing VM operation: Cleanup done
Event: 2.845 Executing VM operation: HandshakeAllThreads (Deoptimize)
Event: 2.845 Executing VM operation: HandshakeAllThreads (Deoptimize) done
Event: 2.864 Executing VM operation: HandshakeAllThreads (Deoptimize)
Event: 2.864 Executing VM operation: HandshakeAllThreads (Deoptimize) done
Event: 2.898 Executing VM operation: HandshakeAllThreads (Deoptimize)
Event: 2.898 Executing VM operation: HandshakeAllThreads (Deoptimize) done

Memory protections (0 events):
No events

Nmethod flushes (0 events):
No events

Events (17 events):
Event: 0.072 Thread 0x0000018fa3b55290 Thread added: 0x0000018fa3b55290
Event: 0.104 Thread 0x0000018fa3b55290 Thread added: 0x0000018ff91c8400
Event: 0.105 Thread 0x0000018fa3b55290 Thread added: 0x0000018fa3c0e870
Event: 0.105 Thread 0x0000018fa3b55290 Thread added: 0x0000018ff91cad70
Event: 0.106 Thread 0x0000018fa3b55290 Thread added: 0x0000018ff91ccd30
Event: 0.106 Thread 0x0000018fa3b55290 Thread added: 0x0000018ff91cf730
Event: 0.106 Thread 0x0000018fa3b55290 Thread added: 0x0000018ff91cfdc0
Event: 0.106 Thread 0x0000018fa3b55290 Thread added: 0x0000018ff91df680
Event: 0.106 Thread 0x0000018fa3b55290 Thread added: 0x0000018ff91e01c0
Event: 0.151 Thread 0x0000018fa3b55290 Thread added: 0x0000018ff91d0450
Event: 0.201 Thread 0x0000018ff91e01c0 Thread added: 0x0000018ffad57ec0
Event: 0.608 Thread 0x0000018fa3b55290 Thread added: 0x0000018ff91d0ae0
Event: 0.874 Thread 0x0000018ff91e01c0 Thread added: 0x0000018fff1c82d0
Event: 1.518 Thread 0x0000018fff1c82d0 Thread exited: 0x0000018fff1c82d0
Event: 1.518 Thread 0x0000018ffad57ec0 Thread exited: 0x0000018ffad57ec0
Event: 2.143 Thread 0x0000018ff91e01c0 Thread added: 0x0000018fff66ff40
Event: 2.824 Thread 0x0000018fa3b55290 Thread added: 0x0000018ff91d1170


Dynamic libraries:
0x00007ff7fd4f0000 - 0x00007ff7fd4fe000 	c:\Users\seetakanta\.vscode\extensions\redhat.java-1.39.0-win32-x64\jre\21.0.5-win32-x86_64\bin\java.exe
0x00007ffaecf30000 - 0x00007ffaed147000 	C:\WINDOWS\SYSTEM32\ntdll.dll
0x00007ffaeb7a0000 - 0x00007ffaeb864000 	C:\WINDOWS\System32\KERNEL32.DLL
0x00007ffaea860000 - 0x00007ffaeac1a000 	C:\WINDOWS\System32\KERNELBASE.dll
0x00007ffaea2c0000 - 0x00007ffaea3d1000 	C:\WINDOWS\System32\ucrtbase.dll
0x00007ffae54a0000 - 0x00007ffae54b8000 	c:\Users\seetakanta\.vscode\extensions\redhat.java-1.39.0-win32-x64\jre\21.0.5-win32-x86_64\bin\jli.dll
0x00007ffaeb460000 - 0x00007ffaeb60e000 	C:\WINDOWS\System32\USER32.dll
0x00007ffaea290000 - 0x00007ffaea2b6000 	C:\WINDOWS\System32\win32u.dll
0x00007ffaecba0000 - 0x00007ffaecbc9000 	C:\WINDOWS\System32\GDI32.dll
0x00007ffaea740000 - 0x00007ffaea85b000 	C:\WINDOWS\System32\gdi32full.dll
0x00007ffaea1f0000 - 0x00007ffaea28a000 	C:\WINDOWS\System32\msvcp_win.dll
0x00007ffae5430000 - 0x00007ffae544e000 	c:\Users\seetakanta\.vscode\extensions\redhat.java-1.39.0-win32-x64\jre\21.0.5-win32-x86_64\bin\VCRUNTIME140.dll
0x00007ffac77e0000 - 0x00007ffac7a72000 	C:\WINDOWS\WinSxS\amd64_microsoft.windows.common-controls_6595b64144ccf1df_6.0.22621.4541_none_2710d1c57384c085\COMCTL32.dll
0x00007ffaeb180000 - 0x00007ffaeb227000 	C:\WINDOWS\System32\msvcrt.dll
0x00007ffaec150000 - 0x00007ffaec181000 	C:\WINDOWS\System32\IMM32.DLL
0x00007ffae5e40000 - 0x00007ffae5e4c000 	c:\Users\seetakanta\.vscode\extensions\redhat.java-1.39.0-win32-x64\jre\21.0.5-win32-x86_64\bin\vcruntime140_1.dll
0x00007ffabb7f0000 - 0x00007ffabb87d000 	c:\Users\seetakanta\.vscode\extensions\redhat.java-1.39.0-win32-x64\jre\21.0.5-win32-x86_64\bin\msvcp140.dll
0x00007ffa97c70000 - 0x00007ffa989ff000 	c:\Users\seetakanta\.vscode\extensions\redhat.java-1.39.0-win32-x64\jre\21.0.5-win32-x86_64\bin\server\jvm.dll
0x00007ffaeb230000 - 0x00007ffaeb2e2000 	C:\WINDOWS\System32\ADVAPI32.dll
0x00007ffaecaf0000 - 0x00007ffaecb97000 	C:\WINDOWS\System32\sechost.dll
0x00007ffaea710000 - 0x00007ffaea738000 	C:\WINDOWS\System32\bcrypt.dll
0x00007ffaecbd0000 - 0x00007ffaecce4000 	C:\WINDOWS\System32\RPCRT4.dll
0x00007ffaeac20000 - 0x00007ffaeac91000 	C:\WINDOWS\System32\WS2_32.dll
0x00007ffaea010000 - 0x00007ffaea05d000 	C:\WINDOWS\SYSTEM32\POWRPROF.dll
0x00007ffae5300000 - 0x00007ffae5334000 	C:\WINDOWS\SYSTEM32\WINMM.dll
0x00007ffadfbc0000 - 0x00007ffadfbca000 	C:\WINDOWS\SYSTEM32\VERSION.dll
0x00007ffae9ef0000 - 0x00007ffae9f03000 	C:\WINDOWS\SYSTEM32\UMPDC.dll
0x00007ffae91f0000 - 0x00007ffae9208000 	C:\WINDOWS\SYSTEM32\kernel.appcore.dll
0x00007ffae59e0000 - 0x00007ffae59ea000 	c:\Users\seetakanta\.vscode\extensions\redhat.java-1.39.0-win32-x64\jre\21.0.5-win32-x86_64\bin\jimage.dll
0x00007ffacdcc0000 - 0x00007ffacdef2000 	C:\WINDOWS\SYSTEM32\DBGHELP.DLL
0x00007ffaec190000 - 0x00007ffaec521000 	C:\WINDOWS\System32\combase.dll
0x00007ffaeb380000 - 0x00007ffaeb457000 	C:\WINDOWS\System32\OLEAUT32.dll
0x00007ffac9260000 - 0x00007ffac9292000 	C:\WINDOWS\SYSTEM32\dbgcore.DLL
0x00007ffaea4a0000 - 0x00007ffaea51b000 	C:\WINDOWS\System32\bcryptPrimitives.dll
0x00007ffae24d0000 - 0x00007ffae24df000 	c:\Users\seetakanta\.vscode\extensions\redhat.java-1.39.0-win32-x64\jre\21.0.5-win32-x86_64\bin\instrument.dll
0x00007ffae2bc0000 - 0x00007ffae2bdf000 	c:\Users\seetakanta\.vscode\extensions\redhat.java-1.39.0-win32-x64\jre\21.0.5-win32-x86_64\bin\java.dll
0x00007ffaeb8a0000 - 0x00007ffaec119000 	C:\WINDOWS\System32\SHELL32.dll
0x00007ffae80e0000 - 0x00007ffae89e9000 	C:\WINDOWS\SYSTEM32\windows.storage.dll
0x00007ffae7fa0000 - 0x00007ffae80df000 	C:\WINDOWS\SYSTEM32\wintypes.dll
0x00007ffaeccf0000 - 0x00007ffaecdea000 	C:\WINDOWS\System32\SHCORE.dll
0x00007ffaeb6c0000 - 0x00007ffaeb71e000 	C:\WINDOWS\System32\shlwapi.dll
0x00007ffaea120000 - 0x00007ffaea14b000 	C:\WINDOWS\SYSTEM32\profapi.dll
0x00007ffae1110000 - 0x00007ffae1128000 	c:\Users\seetakanta\.vscode\extensions\redhat.java-1.39.0-win32-x64\jre\21.0.5-win32-x86_64\bin\zip.dll
0x00007ffae5530000 - 0x00007ffae5540000 	C:\Users\seetakanta\.vscode\extensions\redhat.java-1.39.0-win32-x64\jre\21.0.5-win32-x86_64\bin\net.dll
0x00007ffae51c0000 - 0x00007ffae52f6000 	C:\WINDOWS\SYSTEM32\WINHTTP.dll
0x00007ffae9670000 - 0x00007ffae96d9000 	C:\WINDOWS\system32\mswsock.dll
0x00007ffae0cd0000 - 0x00007ffae0ce6000 	C:\Users\seetakanta\.vscode\extensions\redhat.java-1.39.0-win32-x64\jre\21.0.5-win32-x86_64\bin\nio.dll
0x00007ffadfc70000 - 0x00007ffadfc80000 	c:\Users\seetakanta\.vscode\extensions\redhat.java-1.39.0-win32-x64\jre\21.0.5-win32-x86_64\bin\verify.dll

dbghelp: loaded successfully - version: 4.0.5 - missing functions: none
symbol engine: initialized successfully - sym options: 0x614 - pdb path: .;c:\Users\seetakanta\.vscode\extensions\redhat.java-1.39.0-win32-x64\jre\21.0.5-win32-x86_64\bin;C:\WINDOWS\SYSTEM32;C:\WINDOWS\WinSxS\amd64_microsoft.windows.common-controls_6595b64144ccf1df_6.0.22621.4541_none_2710d1c57384c085;c:\Users\seetakanta\.vscode\extensions\redhat.java-1.39.0-win32-x64\jre\21.0.5-win32-x86_64\bin\server

VM Arguments:
jvm_args: --add-modules=ALL-SYSTEM --add-opens=java.base/java.util=ALL-UNNAMED --add-opens=java.base/java.lang=ALL-UNNAMED --add-opens=java.base/sun.nio.fs=ALL-UNNAMED -Declipse.application=org.eclipse.jdt.ls.core.id1 -Dosgi.bundles.defaultStartLevel=4 -Declipse.product=org.eclipse.jdt.ls.core.product -Djava.import.generatesMetadataFilesAtProjectRoot=false -DDetectVMInstallationsJob.disabled=true -Dfile.encoding=utf8 -XX:+UseParallelGC -XX:GCTimeRatio=4 -XX:AdaptiveSizePolicyWeight=90 -Dsun.zip.disableMemoryMapping=true -Xmx1G -Xms100m -Xlog:disable -javaagent:c:\Users\seetakanta\.vscode\extensions\redhat.java-1.39.0-win32-x64\lombok\lombok-1.18.34.jar -XX:+HeapDumpOnOutOfMemoryError -XX:HeapDumpPath=c:\Users\seetakanta\AppData\Roaming\Code\User\workspaceStorage\c8afafd841f3a5159c670a0c689a5f17\redhat.java -Daether.dependencyCollector.impl=bf 
java_command: c:\Users\seetakanta\.vscode\extensions\redhat.java-1.39.0-win32-x64\server\plugins\org.eclipse.equinox.launcher_1.6.900.v20240613-2009.jar -configuration c:\Users\seetakanta\AppData\Roaming\Code\User\globalStorage\redhat.java\1.39.0\config_win -data c:\Users\seetakanta\AppData\Roaming\Code\User\workspaceStorage\c8afafd841f3a5159c670a0c689a5f17\redhat.java\jdt_ws --pipe=\\.\pipe\lsp-cb1a51cca8616520eb76aecec87aa500-sock
java_class_path (initial): c:\Users\seetakanta\.vscode\extensions\redhat.java-1.39.0-win32-x64\server\plugins\org.eclipse.equinox.launcher_1.6.900.v20240613-2009.jar
Launcher Type: SUN_STANDARD

[Global flags]
    uintx AdaptiveSizePolicyWeight                 = 90                                        {product} {command line}
     intx CICompilerCount                          = 4                                         {product} {ergonomic}
    uintx GCTimeRatio                              = 4                                         {product} {command line}
     bool HeapDumpOnOutOfMemoryError               = true                                   {manageable} {command line}
    ccstr HeapDumpPath                             = c:\Users\seetakanta\AppData\Roaming\Code\User\workspaceStorage\c8afafd841f3a5159c670a0c689a5f17\redhat.java         {manageable} {command line}
   size_t InitialHeapSize                          = 104857600                                 {product} {command line}
   size_t MaxHeapSize                              = 1073741824                                {product} {command line}
   size_t MaxNewSize                               = 357564416                                 {product} {ergonomic}
   size_t MinHeapDeltaBytes                        = 524288                                    {product} {ergonomic}
   size_t MinHeapSize                              = 104857600                                 {product} {command line}
   size_t NewSize                                  = 34603008                                  {product} {ergonomic}
    uintx NonNMethodCodeHeapSize                   = 5839372                                {pd product} {ergonomic}
    uintx NonProfiledCodeHeapSize                  = 122909434                              {pd product} {ergonomic}
   size_t OldSize                                  = 70254592                                  {product} {ergonomic}
    uintx ProfiledCodeHeapSize                     = 122909434                              {pd product} {ergonomic}
    uintx ReservedCodeCacheSize                    = 251658240                              {pd product} {ergonomic}
     bool SegmentedCodeCache                       = true                                      {product} {ergonomic}
   size_t SoftMaxHeapSize                          = 1073741824                             {manageable} {ergonomic}
     bool UseCompressedOops                        = true                           {product lp64_product} {ergonomic}
     bool UseLargePagesIndividualAllocation        = false                                  {pd product} {ergonomic}
     bool UseParallelGC                            = true                                      {product} {command line}

Logging:
Log output configuration:
 #0: stdout all=off uptime,level,tags foldmultilines=false
 #1: stderr all=off uptime,level,tags foldmultilines=false

Environment Variables:
JAVA_HOME=C:\Program Files\Microsoft\jdk-17.0.10.7-hotspot\
PATH=C:\Program Files\Microsoft\jdk-17.0.10.7-hotspot\bin;C:\Program Files\Common Files\Oracle\Java\javapath;C:\WINDOWS\system32;C:\WINDOWS;C:\WINDOWS\System32\Wbem;C:\WINDOWS\System32\WindowsPowerShell\v1.0\;C:\WINDOWS\System32\OpenSSH\;C:\Program Files\MySQL\MySQL Server 8.0\bin;C:\Program Files\Java\jdk-18\bin;C:\Program Files\Git\cmd;C:\xampp\php;C:\ProgramData\ComposerSetup\bin;C:\Program Files\mongosh-1.8.0-win32-x64\bin;C:\Program Files\Docker\Docker\resources\bin;C:\ProgramData\chocolatey\bin;C:\Program Files\HP\HP One Agent;C:\Users\seetakanta\AppData\Local\nvm;C:\nvm4w\nodejs;D:\anaconda;D:\anaconda\Library\mingw-w64\bin;D:\anaconda\Library\usr\bin;D:\anaconda\Library\bin;D:\anaconda\Scripts;C:\Users\seetakanta\AppData\Local\Programs\Python\Python310\Scripts\;C:\Users\seetakanta\AppData\Local\Programs\Python\Python310\;C:\Users\seetakanta\AppData\Local\Microsoft\WindowsApps;C:\Users\seetakanta\AppData\Local\Programs\Microsoft VS Code\bin;C:\Program Files (x86)\mingw-w64\i686-8.1.0-posix-dwarf-rt_v6-rev0\mingw32\bin;D:\paicharm\PyCharm 2021.3.1\bin;;C:\Program Files\Java\jdk-18\bin;C:\Program Files\MongoDB\Server\6.0\bin;C:\Program Files\mongosh-1.8.0-win32-x64\bin;C:\Users\seetakanta\AppData\Roaming\Composer\vendor\bin;C:\Mongo db\mongosh-1.8.2-win32-x64\mongosh-1.8.2-win32-x64\bin;D:\Flutter_download\flutter\bin;C:\Users\seetakanta\AppData\Local\nvm;C:\nvm4w\nodejs;C:\Users\seetakanta\AppData\Local\Android\Sdk\Platform-tools;
USERNAME=seetakanta
OS=Windows_NT
PROCESSOR_IDENTIFIER=Intel64 Family 6 Model 142 Stepping 12, GenuineIntel
TMP=C:\Users\SEETAK~1\AppData\Local\Temp
TEMP=C:\Users\SEETAK~1\AppData\Local\Temp




Periodic native trim disabled

---------------  S Y S T E M  ---------------

OS:
 Windows 11 , 64 bit Build 22621 (10.0.22621.4391)
OS uptime: 2 days 12:04 hours
Hyper-V role detected

CPU: total 8 (initial active 8) (4 cores per cpu, 2 threads per core) family 6 model 142 stepping 12 microcode 0xde, cx8, cmov, fxsr, ht, mmx, 3dnowpref, sse, sse2, sse3, ssse3, sse4.1, sse4.2, popcnt, lzcnt, tsc, tscinvbit, avx, avx2, aes, erms, clmul, bmi1, bmi2, adx, fma, vzeroupper, clflush, clflushopt, hv, rdtscp, f16c
Processor Information for all 8 processors :
  Max Mhz: 2112, Current Mhz: 1609, Mhz Limit: 1605

Memory: 4k page, system-wide physical 7979M (386M free)
TotalPageFile size 32555M (AvailPageFile size 5M)
current process WorkingSet (physical memory assigned to process): 88M, peak: 88M
current process commit charge ("private bytes"): 207M, peak: 207M

vm_info: OpenJDK 64-Bit Server VM (21.0.5+11-LTS) for windows-amd64 JRE (21.0.5+11-LTS), built on 2024-10-15T00:00:00Z by "admin" with MS VC++ 17.7 (VS2022)

END.
